0 info it worked if it ends with ok
1 verbose cli [ '/usr/local/bin/node', '/usr/local/bin/npm', 'publish', '.' ]
2 info using npm@1.2.17
3 info using node@v0.10.3
4 verbose publish [ '.' ]
5 verbose read json /media/documents/Dropbox/Documents/programmation/interlangage/minecraft/bot/rbot/src/package.json
6 verbose cache add [ '.', null ]
7 verbose cache add name=undefined spec="." args=[".",null]
8 verbose parsed url { protocol: null,
8 verbose parsed url   slashes: null,
8 verbose parsed url   auth: null,
8 verbose parsed url   host: null,
8 verbose parsed url   port: null,
8 verbose parsed url   hostname: null,
8 verbose parsed url   hash: null,
8 verbose parsed url   search: null,
8 verbose parsed url   query: null,
8 verbose parsed url   pathname: '.',
8 verbose parsed url   path: '.',
8 verbose parsed url   href: '.' }
9 silly lockFile 3a52ce78- .
10 verbose lock . /home/rom1504/.npm/3a52ce78-.lock
11 verbose read json package.json
12 verbose tar pack [ '/home/rom1504/tmp/npm-10097/1365711470373-0.4333006071392447/tmp.tgz',
12 verbose tar pack   '.' ]
13 verbose tarball /home/rom1504/tmp/npm-10097/1365711470373-0.4333006071392447/tmp.tgz
14 verbose folder .
15 info prepublish rbot@0.0.10
16 silly lockFile 3a52ce78- .
17 verbose lock . /home/rom1504/.npm/3a52ce78-.lock
18 silly lockFile 50411d3e-70373-0-4333006071392447-tmp-tgz /home/rom1504/tmp/npm-10097/1365711470373-0.4333006071392447/tmp.tgz
19 verbose lock /home/rom1504/tmp/npm-10097/1365711470373-0.4333006071392447/tmp.tgz /home/rom1504/.npm/50411d3e-70373-0-4333006071392447-tmp-tgz.lock
20 silly lockFile 3a52ce78- .
21 silly lockFile 3a52ce78- .
22 silly lockFile 50411d3e-70373-0-4333006071392447-tmp-tgz /home/rom1504/tmp/npm-10097/1365711470373-0.4333006071392447/tmp.tgz
23 silly lockFile 50411d3e-70373-0-4333006071392447-tmp-tgz /home/rom1504/tmp/npm-10097/1365711470373-0.4333006071392447/tmp.tgz
24 verbose tar unpack /home/rom1504/tmp/npm-10097/1365711470373-0.4333006071392447/tmp.tgz
25 silly lockFile a54096ec-70373-0-4333006071392447-package /home/rom1504/tmp/npm-10097/1365711470373-0.4333006071392447/package
26 verbose lock /home/rom1504/tmp/npm-10097/1365711470373-0.4333006071392447/package /home/rom1504/.npm/a54096ec-70373-0-4333006071392447-package.lock
27 silly lockFile 50411d3e-70373-0-4333006071392447-tmp-tgz /home/rom1504/tmp/npm-10097/1365711470373-0.4333006071392447/tmp.tgz
28 verbose lock /home/rom1504/tmp/npm-10097/1365711470373-0.4333006071392447/tmp.tgz /home/rom1504/.npm/50411d3e-70373-0-4333006071392447-tmp-tgz.lock
29 silly gunzTarPerm modes [ '755', '644' ]
30 silly gunzTarPerm extractEntry package.json
31 silly gunzTarPerm modified mode [ 'package.json', 511, 493 ]
32 silly gunzTarPerm extractEntry .npmignore
33 silly gunzTarPerm modified mode [ '.npmignore', 511, 493 ]
34 silly gunzTarPerm extractEntry README.md
35 silly gunzTarPerm modified mode [ 'README.md', 511, 493 ]
36 silly gunzTarPerm extractEntry rbot.js
37 silly gunzTarPerm modified mode [ 'rbot.js', 511, 493 ]
38 silly gunzTarPerm extractEntry achieve.js
39 silly gunzTarPerm modified mode [ 'achieve.js', 511, 493 ]
40 silly gunzTarPerm extractEntry avoidBedrock.js
41 silly gunzTarPerm modified mode [ 'avoidBedrock.js', 511, 493 ]
42 silly gunzTarPerm extractEntry task.js
43 silly gunzTarPerm modified mode [ 'task.js', 511, 493 ]
44 silly gunzTarPerm extractEntry lib/inventory.js
45 silly gunzTarPerm modified mode [ 'lib/inventory.js', 511, 493 ]
46 silly gunzTarPerm extractEntry lib/nearest.js
47 silly gunzTarPerm modified mode [ 'lib/nearest.js', 511, 493 ]
48 silly gunzTarPerm extractEntry lib/stringTo.js
49 silly gunzTarPerm modified mode [ 'lib/stringTo.js', 511, 493 ]
50 silly gunzTarPerm extractEntry doc/history.md
51 silly gunzTarPerm modified mode [ 'doc/history.md', 511, 493 ]
52 silly gunzTarPerm extractEntry README.md~
53 silly gunzTarPerm modified mode [ 'README.md~', 511, 493 ]
54 silly gunzTarPerm extractEntry task/blockTask.js
55 silly gunzTarPerm modified mode [ 'task/blockTask.js', 511, 493 ]
56 silly gunzTarPerm extractEntry task/informationTask.js
57 silly gunzTarPerm modified mode [ 'task/informationTask.js', 511, 493 ]
58 silly gunzTarPerm extractEntry task/inventoryTask.js
59 silly gunzTarPerm modified mode [ 'task/inventoryTask.js', 511, 493 ]
60 silly gunzTarPerm extractEntry task/moveTask.js
61 silly gunzTarPerm modified mode [ 'task/moveTask.js', 511, 493 ]
62 silly gunzTarPerm extractEntry task/syntaxTask.js
63 silly gunzTarPerm modified mode [ 'task/syntaxTask.js', 511, 493 ]
64 silly gunzTarPerm extractEntry grammar/grammar.js
65 silly gunzTarPerm modified mode [ 'grammar/grammar.js', 511, 493 ]
66 silly gunzTarPerm extractEntry grammar/check.sh
67 silly gunzTarPerm modified mode [ 'grammar/check.sh', 511, 493 ]
68 silly gunzTarPerm extractEntry grammar/checkEverything.sh
69 silly gunzTarPerm modified mode [ 'grammar/checkEverything.sh', 511, 493 ]
70 silly gunzTarPerm extractEntry grammar/grammar.jison
71 silly gunzTarPerm modified mode [ 'grammar/grammar.jison', 511, 493 ]
72 silly gunzTarPerm extractEntry grammar/test/position.expected
73 silly gunzTarPerm modified mode [ 'grammar/test/position.expected', 511, 493 ]
74 silly gunzTarPerm extractEntry grammar/test/2ifThen.expected
75 silly gunzTarPerm modified mode [ 'grammar/test/2ifThen.expected', 511, 493 ]
76 silly gunzTarPerm extractEntry grammar/test/condition.expected
77 silly gunzTarPerm modified mode [ 'grammar/test/condition.expected', 511, 493 ]
78 silly gunzTarPerm extractEntry grammar/test/condition.test
79 silly gunzTarPerm modified mode [ 'grammar/test/condition.test', 511, 493 ]
80 silly gunzTarPerm extractEntry grammar/test/destroyShelter.expected
81 silly gunzTarPerm modified mode [ 'grammar/test/destroyShelter.expected', 511, 493 ]
82 silly gunzTarPerm extractEntry grammar/test/destroyShelter.test
83 silly gunzTarPerm modified mode [ 'grammar/test/destroyShelter.test', 511, 493 ]
84 silly gunzTarPerm extractEntry grammar/test/differentThings.expected
85 silly gunzTarPerm modified mode [ 'grammar/test/differentThings.expected', 511, 493 ]
86 silly gunzTarPerm extractEntry grammar/test/differentThings.test
87 silly gunzTarPerm modified mode [ 'grammar/test/differentThings.test', 511, 493 ]
88 silly gunzTarPerm extractEntry grammar/test/dig.expected
89 silly gunzTarPerm modified mode [ 'grammar/test/dig.expected', 511, 493 ]
90 silly gunzTarPerm extractEntry grammar/test/dig.test
91 silly gunzTarPerm modified mode [ 'grammar/test/dig.test', 511, 493 ]
92 silly gunzTarPerm extractEntry grammar/test/get.expected
93 silly gunzTarPerm modified mode [ 'grammar/test/get.expected', 511, 493 ]
94 silly gunzTarPerm extractEntry grammar/test/get.test
95 silly gunzTarPerm modified mode [ 'grammar/test/get.test', 511, 493 ]
96 silly gunzTarPerm extractEntry grammar/test/ifThen.expected
97 silly gunzTarPerm modified mode [ 'grammar/test/ifThen.expected', 511, 493 ]
98 silly gunzTarPerm extractEntry grammar/test/ifThen.test
99 silly gunzTarPerm modified mode [ 'grammar/test/ifThen.test', 511, 493 ]
100 silly gunzTarPerm extractEntry grammar/test/ifThenElse.expected
101 silly gunzTarPerm modified mode [ 'grammar/test/ifThenElse.expected', 511, 493 ]
102 silly gunzTarPerm extractEntry grammar/test/ifThenElse.test
103 silly gunzTarPerm modified mode [ 'grammar/test/ifThenElse.test', 511, 493 ]
104 silly gunzTarPerm extractEntry grammar/test/list.expected
105 silly gunzTarPerm modified mode [ 'grammar/test/list.expected', 511, 493 ]
106 silly gunzTarPerm extractEntry grammar/test/list.test
107 silly gunzTarPerm modified mode [ 'grammar/test/list.test', 511, 493 ]
108 silly gunzTarPerm extractEntry grammar/test/nearest.expected
109 silly gunzTarPerm modified mode [ 'grammar/test/nearest.expected', 511, 493 ]
110 silly gunzTarPerm extractEntry grammar/test/nearest.test
111 silly gunzTarPerm modified mode [ 'grammar/test/nearest.test', 511, 493 ]
112 silly gunzTarPerm extractEntry grammar/test/2ifThen.test
113 silly gunzTarPerm modified mode [ 'grammar/test/2ifThen.test', 511, 493 ]
114 silly gunzTarPerm extractEntry grammar/test/position.test
115 silly gunzTarPerm modified mode [ 'grammar/test/position.test', 511, 493 ]
116 silly gunzTarPerm extractEntry grammar/test/position2.expected
117 silly gunzTarPerm modified mode [ 'grammar/test/position2.expected', 511, 493 ]
118 silly gunzTarPerm extractEntry grammar/test/position2.test
119 silly gunzTarPerm modified mode [ 'grammar/test/position2.test', 511, 493 ]
120 silly gunzTarPerm extractEntry grammar/test/raiseChicken.expected
121 silly gunzTarPerm modified mode [ 'grammar/test/raiseChicken.expected', 511, 493 ]
122 silly gunzTarPerm extractEntry grammar/test/raiseChicken.test
123 silly gunzTarPerm modified mode [ 'grammar/test/raiseChicken.test', 511, 493 ]
124 silly gunzTarPerm extractEntry grammar/test/repeat.expected
125 silly gunzTarPerm modified mode [ 'grammar/test/repeat.expected', 511, 493 ]
126 silly gunzTarPerm extractEntry grammar/test/repeat.test
127 silly gunzTarPerm modified mode [ 'grammar/test/repeat.test', 511, 493 ]
128 silly gunzTarPerm extractEntry grammar/test/repeatUntil.expected
129 silly gunzTarPerm modified mode [ 'grammar/test/repeatUntil.expected', 511, 493 ]
130 silly gunzTarPerm extractEntry grammar/test/repeatUntil.test
131 silly gunzTarPerm modified mode [ 'grammar/test/repeatUntil.test', 511, 493 ]
132 silly gunzTarPerm extractEntry grammar/test/say.expected
133 silly gunzTarPerm modified mode [ 'grammar/test/say.expected', 511, 493 ]
134 silly gunzTarPerm extractEntry grammar/test/say.test
135 silly gunzTarPerm modified mode [ 'grammar/test/say.test', 511, 493 ]
136 silly gunzTarPerm extractEntry grammar/test/spaces.expected
137 silly gunzTarPerm modified mode [ 'grammar/test/spaces.expected', 511, 493 ]
138 silly gunzTarPerm extractEntry grammar/test/spaces.test
139 silly gunzTarPerm modified mode [ 'grammar/test/spaces.test', 511, 493 ]
140 silly gunzTarPerm extractEntry grammar/test/stopRepeat.expected
141 silly gunzTarPerm modified mode [ 'grammar/test/stopRepeat.expected', 511, 493 ]
142 silly gunzTarPerm extractEntry grammar/test/stopRepeat.test
143 silly gunzTarPerm modified mode [ 'grammar/test/stopRepeat.test', 511, 493 ]
144 silly gunzTarPerm extractEntry grammar/test/task.expected
145 silly gunzTarPerm modified mode [ 'grammar/test/task.expected', 511, 493 ]
146 silly gunzTarPerm extractEntry grammar/test/task.test
147 silly gunzTarPerm modified mode [ 'grammar/test/task.test', 511, 493 ]
148 silly gunzTarPerm extractEntry grammar/test/toss.expected
149 silly gunzTarPerm modified mode [ 'grammar/test/toss.expected', 511, 493 ]
150 silly gunzTarPerm extractEntry grammar/test/toss.test
151 silly gunzTarPerm modified mode [ 'grammar/test/toss.test', 511, 493 ]
152 silly gunzTarPerm extractEntry grammar/test.sh
153 silly gunzTarPerm modified mode [ 'grammar/test.sh', 511, 493 ]
154 silly gunzTarPerm extractEntry grammar/validate.sh
155 silly gunzTarPerm modified mode [ 'grammar/validate.sh', 511, 493 ]
156 silly gunzTarPerm extractEntry grammar/validateEverything.sh
157 silly gunzTarPerm modified mode [ 'grammar/validateEverything.sh', 511, 493 ]
158 verbose read json /home/rom1504/tmp/npm-10097/1365711470373-0.4333006071392447/package/package.json
159 silly lockFile a54096ec-70373-0-4333006071392447-package /home/rom1504/tmp/npm-10097/1365711470373-0.4333006071392447/package
160 silly lockFile a54096ec-70373-0-4333006071392447-package /home/rom1504/tmp/npm-10097/1365711470373-0.4333006071392447/package
161 silly lockFile 50411d3e-70373-0-4333006071392447-tmp-tgz /home/rom1504/tmp/npm-10097/1365711470373-0.4333006071392447/tmp.tgz
162 silly lockFile 50411d3e-70373-0-4333006071392447-tmp-tgz /home/rom1504/tmp/npm-10097/1365711470373-0.4333006071392447/tmp.tgz
163 verbose from cache /home/rom1504/tmp/npm-10097/1365711470373-0.4333006071392447/package/package.json
164 verbose tar pack [ '/home/rom1504/.npm/rbot/0.0.10/package.tgz',
164 verbose tar pack   '/home/rom1504/tmp/npm-10097/1365711470373-0.4333006071392447/package' ]
165 verbose tarball /home/rom1504/.npm/rbot/0.0.10/package.tgz
166 verbose folder /home/rom1504/tmp/npm-10097/1365711470373-0.4333006071392447/package
167 silly lockFile a54096ec-70373-0-4333006071392447-package /home/rom1504/tmp/npm-10097/1365711470373-0.4333006071392447/package
168 verbose lock /home/rom1504/tmp/npm-10097/1365711470373-0.4333006071392447/package /home/rom1504/.npm/a54096ec-70373-0-4333006071392447-package.lock
169 silly lockFile b252daa8-1504-npm-rbot-0-0-10-package-tgz /home/rom1504/.npm/rbot/0.0.10/package.tgz
170 verbose lock /home/rom1504/.npm/rbot/0.0.10/package.tgz /home/rom1504/.npm/b252daa8-1504-npm-rbot-0-0-10-package-tgz.lock
171 silly lockFile a54096ec-70373-0-4333006071392447-package /home/rom1504/tmp/npm-10097/1365711470373-0.4333006071392447/package
172 silly lockFile a54096ec-70373-0-4333006071392447-package /home/rom1504/tmp/npm-10097/1365711470373-0.4333006071392447/package
173 silly lockFile b252daa8-1504-npm-rbot-0-0-10-package-tgz /home/rom1504/.npm/rbot/0.0.10/package.tgz
174 silly lockFile b252daa8-1504-npm-rbot-0-0-10-package-tgz /home/rom1504/.npm/rbot/0.0.10/package.tgz
175 silly lockFile bffb88f9--rom1504-npm-rbot-0-0-10-package /home/rom1504/.npm/rbot/0.0.10/package
176 verbose lock /home/rom1504/.npm/rbot/0.0.10/package /home/rom1504/.npm/bffb88f9--rom1504-npm-rbot-0-0-10-package.lock
177 silly lockFile bffb88f9--rom1504-npm-rbot-0-0-10-package /home/rom1504/.npm/rbot/0.0.10/package
178 silly lockFile bffb88f9--rom1504-npm-rbot-0-0-10-package /home/rom1504/.npm/rbot/0.0.10/package
179 verbose tar unpack /home/rom1504/.npm/rbot/0.0.10/package.tgz
180 silly lockFile bffb88f9--rom1504-npm-rbot-0-0-10-package /home/rom1504/.npm/rbot/0.0.10/package
181 verbose lock /home/rom1504/.npm/rbot/0.0.10/package /home/rom1504/.npm/bffb88f9--rom1504-npm-rbot-0-0-10-package.lock
182 silly lockFile b252daa8-1504-npm-rbot-0-0-10-package-tgz /home/rom1504/.npm/rbot/0.0.10/package.tgz
183 verbose lock /home/rom1504/.npm/rbot/0.0.10/package.tgz /home/rom1504/.npm/b252daa8-1504-npm-rbot-0-0-10-package-tgz.lock
184 silly gunzTarPerm modes [ '755', '644' ]
185 silly gunzTarPerm extractEntry package.json
186 silly gunzTarPerm extractEntry .npmignore
187 silly gunzTarPerm extractEntry README.md
188 silly gunzTarPerm extractEntry rbot.js
189 silly gunzTarPerm extractEntry achieve.js
190 silly gunzTarPerm extractEntry avoidBedrock.js
191 silly gunzTarPerm extractEntry task.js
192 silly gunzTarPerm extractEntry lib/inventory.js
193 silly gunzTarPerm extractEntry lib/nearest.js
194 silly gunzTarPerm extractEntry lib/stringTo.js
195 silly gunzTarPerm extractEntry doc/history.md
196 silly gunzTarPerm extractEntry README.md~
197 silly gunzTarPerm extractEntry task/blockTask.js
198 silly gunzTarPerm extractEntry task/informationTask.js
199 silly gunzTarPerm extractEntry task/inventoryTask.js
200 silly gunzTarPerm extractEntry task/moveTask.js
201 silly gunzTarPerm extractEntry task/syntaxTask.js
202 silly gunzTarPerm extractEntry grammar/grammar.js
203 silly gunzTarPerm extractEntry grammar/check.sh
204 silly gunzTarPerm extractEntry grammar/checkEverything.sh
205 silly gunzTarPerm extractEntry grammar/grammar.jison
206 silly gunzTarPerm extractEntry grammar/test/position.expected
207 silly gunzTarPerm extractEntry grammar/test/2ifThen.expected
208 silly gunzTarPerm extractEntry grammar/test/condition.expected
209 silly gunzTarPerm extractEntry grammar/test/condition.test
210 silly gunzTarPerm extractEntry grammar/test/destroyShelter.expected
211 silly gunzTarPerm extractEntry grammar/test/destroyShelter.test
212 silly gunzTarPerm extractEntry grammar/test/differentThings.expected
213 silly gunzTarPerm extractEntry grammar/test/differentThings.test
214 silly gunzTarPerm extractEntry grammar/test/dig.expected
215 silly gunzTarPerm extractEntry grammar/test/dig.test
216 silly gunzTarPerm extractEntry grammar/test/get.expected
217 silly gunzTarPerm extractEntry grammar/test/get.test
218 silly gunzTarPerm extractEntry grammar/test/ifThen.expected
219 silly gunzTarPerm extractEntry grammar/test/ifThen.test
220 silly gunzTarPerm extractEntry grammar/test/ifThenElse.expected
221 silly gunzTarPerm extractEntry grammar/test/ifThenElse.test
222 silly gunzTarPerm extractEntry grammar/test/list.expected
223 silly gunzTarPerm extractEntry grammar/test/list.test
224 silly gunzTarPerm extractEntry grammar/test/nearest.expected
225 silly gunzTarPerm extractEntry grammar/test/nearest.test
226 silly gunzTarPerm extractEntry grammar/test/2ifThen.test
227 silly gunzTarPerm extractEntry grammar/test/position.test
228 silly gunzTarPerm extractEntry grammar/test/position2.expected
229 silly gunzTarPerm extractEntry grammar/test/position2.test
230 silly gunzTarPerm extractEntry grammar/test/raiseChicken.expected
231 silly gunzTarPerm extractEntry grammar/test/raiseChicken.test
232 silly gunzTarPerm extractEntry grammar/test/repeat.expected
233 silly gunzTarPerm extractEntry grammar/test/repeat.test
234 silly gunzTarPerm extractEntry grammar/test/repeatUntil.expected
235 silly gunzTarPerm extractEntry grammar/test/repeatUntil.test
236 silly gunzTarPerm extractEntry grammar/test/say.expected
237 silly gunzTarPerm extractEntry grammar/test/say.test
238 silly gunzTarPerm extractEntry grammar/test/spaces.expected
239 silly gunzTarPerm extractEntry grammar/test/spaces.test
240 silly gunzTarPerm extractEntry grammar/test/stopRepeat.expected
241 silly gunzTarPerm extractEntry grammar/test/stopRepeat.test
242 silly gunzTarPerm extractEntry grammar/test/task.expected
243 silly gunzTarPerm extractEntry grammar/test/task.test
244 silly gunzTarPerm extractEntry grammar/test/toss.expected
245 silly gunzTarPerm extractEntry grammar/test/toss.test
246 silly gunzTarPerm extractEntry grammar/test.sh
247 silly gunzTarPerm extractEntry grammar/validate.sh
248 silly gunzTarPerm extractEntry grammar/validateEverything.sh
249 verbose read json /home/rom1504/.npm/rbot/0.0.10/package/package.json
250 silly lockFile bffb88f9--rom1504-npm-rbot-0-0-10-package /home/rom1504/.npm/rbot/0.0.10/package
251 silly lockFile bffb88f9--rom1504-npm-rbot-0-0-10-package /home/rom1504/.npm/rbot/0.0.10/package
252 silly lockFile b252daa8-1504-npm-rbot-0-0-10-package-tgz /home/rom1504/.npm/rbot/0.0.10/package.tgz
253 silly lockFile b252daa8-1504-npm-rbot-0-0-10-package-tgz /home/rom1504/.npm/rbot/0.0.10/package.tgz
254 silly shasum updated bytes 30960
255 info shasum d73a3bc26222c83480b8a1af753ffa3ce0bdbc4b
255 info shasum /home/rom1504/.npm/rbot/0.0.10/package.tgz
256 verbose from cache /home/rom1504/.npm/rbot/0.0.10/package/package.json
257 verbose chmod /home/rom1504/.npm/rbot/0.0.10/package.tgz 644
258 verbose chown /home/rom1504/.npm/rbot/0.0.10/package.tgz [ 1000, 1000 ]
259 silly lockFile 3a52ce78- .
260 silly publish { name: 'rbot',
260 silly publish   version: '0.0.10',
260 silly publish   description: 'bot made with mineflayer which can do task',
260 silly publish   main: 'rbot.js',
260 silly publish   bin: { rbot: './rbot.js' },
260 silly publish   repository: { type: 'git', url: 'git://github.com/rom1504/rbot.git' },
260 silly publish   keywords: [ 'mineflayer', 'minecraft', 'bot' ],
260 silly publish   author: { name: 'Romain Beaumont' },
260 silly publish   license: 'BSD',
260 silly publish   dependencies:
260 silly publish    { mineflayer: '~0.1.0',
260 silly publish      'mineflayer-navigate': '~0.0.8',
260 silly publish      cloneextend: '~0.0.3',
260 silly publish      'mineflayer-blockfinder': '~0.0.5',
260 silly publish      'a-star': '~0.1.0',
260 silly publish      async: '~0.2.5' },
260 silly publish   devDependencies: { jison: '~0.4.2' },
260 silly publish   readme: '#rbot\nA minecraft bot that can do many things\n\nYoutube demos :\n * [repeat spiral down](http://www.youtube.com/watch?v=UM1ZV5200S0)\n * [watch,stop watch,replicate](http://www.youtube.com/watch?v=0cQxg9uDnzA)\n\n## Features\n * dig\n * move to any not too far away position thanks to mineflayer-navigate\n * repeat\n * sequence\n * dig a spiral staircase\n * inventory management : equip,toss,list\n * attack : mobs, players\n * build\n * find and get a block\n * activate an item (shoot and arrow for example)\n * follow \n * build a shelter\n * dig a tunnel\n * raise chicken\n * move by building and digging\n * building things : watch then replicate\n * craft\n \n### Roadmap\n\n * Doing more complicated things :\n  * crafting things : get or craft the needed items\n  * getting anywhere even if it\'s hard (lava, water)\n  * building more things\n * Integrate other mineflayer functionnality : \n  * using chests, dispensers and enchantment tables\n  * use vehicle\n  * activate block\n * React to the world : for example if a mob attack the bot, the bot should defend itself\n * Improve/simplify the code\n\n## Installation\n\nFirst, you need to install [node](http://nodejs.org/) , you might want to read [this](https://github.com/joyent/node/wiki/Installing-Node.js-via-package-manager)\n\n### Linux / OSX\n\n * `npm install -g rbot`\n \n### Windows\n\n * Follow the Windows instructions from [Obvious/ursa](https://github.com/Obvious/ursa)\n * `npm install -g rbot`\n\nIf you download the source via github, you can run `npm install` then `cd grammar && jison grammar.jison` (the grammar.js file is included in the npm repository but not the git repository)\n\n\n## Usage\n * If you specify a master the bot will only obey to him\n * `rbot <host> <port> <name> <password> [<master>]`\n\n\n### Commands\n#### Syntax\n * `repeat <action> done`\n * `stop repeat <action> done`\n * `do <action1> then <action2> done` : do first action then do the second one\n * `if <condition> do <task> done`\n * `if <condition> do <task1> else <task2> done`\n * `repeat <task> until <condition> done`\n\n\n#### Base commands\n * `dig <position>`\n * `move <position>`\n * `look for <entity>`\n * `look for <block>`\n * `pos <player>` : say the position of the other player if he is not too far away\n * `move to <position>` : use mineflayer-navigate to get to `<position>`\n * `stop move to`\n * `equip <emplacement> <item>` : equip item at emplacement (for example hand)\n * `unequip <emplacement>`\n * `toss <number> <nameItem>`\n * `toss everything`\n * `list` : list all items of the bot\n * `attack <entity>`\n * `say <message>.`\n * `activate item`\n * `deactivate item`\n * `wait <milliseconds>`\n * `stop raise chicken`\n * `look at <position>`\n * `build <position>` : build at position with the equipped block\n * `craft <number> <nameItem>` : will craft this item if you have the required items\n * `up` : jump and build under the bot (but doesn\'t dig the bot above the bot unlike sup)\n * `jump`\n * `nothing`\n * `watch <entity>` : start watching what `<entity>` is building and digging\n * `stop watch` : stop watching and save what has been done\n * `replicate` : redo the building and digging that has just been done (the position of the action are calculated from the position of the bot)\n \n \n#### Alias\n * `x+` `x-` `z+` `z-`\n * `dig forward <position>` : dig the two block in front of the bot then move, works if there is gravel that fall\n * `spiral up` : dig an ascending spiral staircase\n * `spiral down` : dig a descending spiral staircase\n * `raise chicken` : get an egg then throw it\n * `shoot <entity>` : if it has a bow and arrows, shoot `<entity>`\n * `follow <position>` : go to `<position>` every 2 sec\n * `get <nameBlock>` : go to a position next to nearest `<nameBlock>` then dig it\n * `build shelter` : build a very simple shelter with the equipped block (need 25 blocks)\n * `destroy shelter` : destroy this shelter\n * `come` : `move to me`\n * `attack everymob` : kill any close mob\n * `scome` : move to you by digging and building\n * `down` : move down of one block\n * `sup` : move up of one block\n * `sget <blockName>` : get a block by building and digging\n * `smove <position>` : `repeat ssumove <position> until at <position> done` : if the position is too far ssumove can\'t calculate it because it doesn\'t know the blocks that far\n * `ssumove <position>` : get to the position by building and digging using a-star to avoid bedrock\n * `sumove <position>` : move of 1 in the direction of the position by building and digging\n * `immure <position>`\n * `cget <number> <nameItem>` : get the item using sget and craft commands\n * `give <position> <number> <item>`\n * `give <position> everything`\n * `sdig <position>` : repeat ssdig until it\'s done\n * `ssdig <position>` : dig safely\n * `achieve <condition>` : achieve `<condition>` using the related action\n \n\n\n### Parameters\n * `<item>` can be :\n  * `item to build`\n  * `tool to break <nameBlock>`\n  * `<nameItem>`\n * `<position>` can be :\n  * `rx,y,z` : relative position\n  * `<absolute position>`\n  * `rx,y,z+<absolute position>`\n  * `nearest reachable position <position>`\n * `<absolute position>` can be :\n  * `x,y,z` : absolute position\n  * `adapted <entity>` : adapted position for shooting with a bow\n  * `<entity>`\n  * `<block>`\n * `<block>` can be :\n  * `nearest block <nameBlock>`\n  * `nearest block *: any nearest block`\n * `<entity>` can be :\n  * `nearest mob <mob>`\n  * `nearest mob *` : any nearest mob\n  * `nearest visible mob <mob>`\n  * `nearest visible mob *` : any nearest visible mob\n  * `nearest reachable mob <mob>`\n  * `nearest reachable mob *` : any nearest reachable mob\n  * `nearest object <object>`\n  * `nearest object *` : any nearest object\n  * `nearest reachable object <object>`\n  * `nearest reachable object *` : any nearest reachable object\n  * `me`\n  * `bot`\n  * `player <playerName>`\n * `<mob>` can be :\n  * `spider`\n  * `enderman`\n  * `creeper`\n  * ...\n * `<condition>` can be :\n  * `at <position>`\n  * `have <number> <nameItem>`\n  * `close of <blockName>`\n  * `<position> is empty`\n  * `<position> is not empty`\n\n### Interesting use of commands\n * `repeat spiral down done` : build a spiral staircase from y=64 to y=0\n * `attack everymob` : attack mobs close from the mob\n * `repeat dig forward r0,0,1 done` : if you want to build a tunnel (not stopped by gravel, but can die from drowning)\n * `come`\n * `scome`\n * `repeat do raise chicken then wait 1000 done done`\n * `stop repeat do raise chicken then wait 1000 done done`\n * `repeat look at me done`\n * `repeat shoot nearest reachable mob done` : kill close mobs\n * `repeat shoot me done` : kill you\n * `move to nearest reachable position nearest block log`\n * `follow me`\n * `stop follow me`\n * `get log`\n * `repeat do build shelter then destroy shelter done done` : fun\n',
260 silly publish   readmeFilename: 'README.md',
260 silly publish   _id: 'rbot@0.0.10',
260 silly publish   dist: { shasum: 'd73a3bc26222c83480b8a1af753ffa3ce0bdbc4b' },
260 silly publish   _from: '.' }
261 verbose url raw rbot
262 verbose url resolving [ 'https://registry.npmjs.org/', './rbot' ]
263 verbose url resolved https://registry.npmjs.org/rbot
264 info trying registry request attempt 1 at 22:18:04
265 http PUT https://registry.npmjs.org/rbot
266 http 409 https://registry.npmjs.org/rbot
267 verbose url raw rbot
268 verbose url resolving [ 'https://registry.npmjs.org/', './rbot' ]
269 verbose url resolved https://registry.npmjs.org/rbot
270 info trying registry request attempt 1 at 22:18:05
271 http GET https://registry.npmjs.org/rbot
272 http 200 https://registry.npmjs.org/rbot
273 error publish fail Cannot publish over existing version.
273 error publish fail Update the 'version' field in package.json and try again.
273 error publish fail
273 error publish fail If the previous version was published in error, see:
273 error publish fail     npm help unpublish
273 error publish fail
273 error publish fail To automatically increment version numbers, see:
273 error publish fail     npm help version
274 error System Linux 3.5.2-030502-generic
275 error command "/usr/local/bin/node" "/usr/local/bin/npm" "publish" "."
276 error cwd /media/documents/Dropbox/Documents/programmation/interlangage/minecraft/bot/rbot/src
277 error node -v v0.10.3
278 error npm -v 1.2.17
279 error code EPUBLISHCONFLICT
280 verbose exit [ 1, true ]
